<?xml version="1.0" encoding="UTF-8"?>
<!-- Generated by org.testng.reporters.JUnitReportReporter -->
<testsuite hostname="DESKTOP-AOMEI0O" failures="0" tests="1" name="com.team.findinghospital.qa.testcases.LandingPageTest" time="25.799" errors="0" timestamp="16 Apr 2021 05:57:23 GMT" skipped="0">
  <testcase classname="com.team.findinghospital.qa.testcases.LandingPageTest" name="cityTest" time="25.799"/>
</testsuite> <!-- com.team.findinghospital.qa.testcases.LandingPageTest -->
