<?xml version="1.0" encoding="UTF-8"?>
<!-- Generated by org.testng.reporters.JUnitReportReporter -->
<testsuite hostname="DESKTOP-AOMEI0O" failures="0" tests="4" name="com.team.findinghospital.qa.testcases.CorporateWellnessPageTest" time="70.536" errors="0" timestamp="16 Apr 2021 05:57:23 GMT" skipped="0">
  <testcase classname="com.team.findinghospital.qa.testcases.CorporateWellnessPageTest" name="scheduleDemo2" time="20.921"/>
  <testcase classname="com.team.findinghospital.qa.testcases.CorporateWellnessPageTest" name="scheduleDem1" time="13.162"/>
  <testcase classname="com.team.findinghospital.qa.testcases.CorporateWellnessPageTest" name="scheduleDemo3" time="18.792"/>
  <testcase classname="com.team.findinghospital.qa.testcases.CorporateWellnessPageTest" name="scheduleDemo4" time="17.661"/>
</testsuite> <!-- com.team.findinghospital.qa.testcases.CorporateWellnessPageTest -->
