<?xml version="1.0" encoding="UTF-8"?>
<!-- Generated by org.testng.reporters.JUnitReportReporter -->
<testsuite hostname="DESKTOP-AOMEI0O" failures="0" tests="1" name="com.team.findinghospital.qa.testcases.SearchFiltersTest" time="40.185" errors="0" timestamp="16 Apr 2021 05:59:03 GMT" skipped="0">
  <testcase classname="com.team.findinghospital.qa.testcases.SearchFiltersTest" name="cityTest" time="40.185"/>
</testsuite> <!-- com.team.findinghospital.qa.testcases.SearchFiltersTest -->
