<?xml version="1.0" encoding="UTF-8"?>
<!-- Generated by org.testng.reporters.JUnitReportReporter -->
<testsuite hostname="DESKTOP-AOMEI0O" failures="0" tests="1" name="com.team.findinghospital.qa.testcases.SearchFiltersTest" time="42.437" errors="0" timestamp="16 Apr 2021 06:22:37 GMT" skipped="0">
  <testcase classname="com.team.findinghospital.qa.testcases.SearchFiltersTest" name="cityTest" time="42.437"/>
</testsuite> <!-- com.team.findinghospital.qa.testcases.SearchFiltersTest -->
