<?xml version="1.0" encoding="UTF-8"?>
<!-- Generated by org.testng.reporters.JUnitReportReporter -->
<testsuite hostname="DESKTOP-AOMEI0O" failures="0" tests="2" name="com.team.findinghospital.qa.testcases.URLTest" time="22.803" errors="0" timestamp="16 Apr 2021 06:22:36 GMT" skipped="0">
  <testcase classname="com.team.findinghospital.qa.testcases.URLTest" name="validURLTest" time="10.834"/>
  <testcase classname="com.team.findinghospital.qa.testcases.URLTest" name="invalidURLTest" time="11.969"/>
</testsuite> <!-- com.team.findinghospital.qa.testcases.URLTest -->
